2019-10-25 13:49:15 b'Die Sprachausgabe wurde angepasst.' 
2019-10-25 13:49:43 b'Die Sprachausgabe wurde angepasst.' 
2019-10-25 13:49:43 b'Die Sprachausgabe wurde angepasst.' 
2019-10-25 14:08:24 b'Die Sprachausgabe wurde angepasst.' 
2019-10-25 14:08:24 b'Die Sprachausgabe wurde angepasst.' 
2019-10-25 14:09:42 b'Die Sprachausgabe wurde angepasst.' 
2019-10-25 14:09:42 b'Die Sprachausgabe wurde angepasst.' 
2019-10-25 14:10:29 b'Die Sprachausgabe wurde angepasst.' 
2019-10-25 14:10:29 b'Die Sprachausgabe wurde angepasst.' 
2019-10-25 14:11:43 b'Die Sprachausgabe wurde angepasst.' 
2019-10-25 14:11:43 b'Die Sprachausgabe wurde angepasst.' 
2019-10-25 14:12:22 b'Die Sprachausgabe wurde angepasst.' 
2019-10-25 14:12:22 b'Die Sprachausgabe wurde angepasst.' 
2019-10-25 14:12:41 b'Die Sprachausgabe wurde angepasst.' 
2019-10-25 14:12:41 b'Die Sprachausgabe wurde angepasst.' 
2019-10-25 14:14:40 b'Die Sprachausgabe wurde angepasst.' 
2019-10-25 14:14:40 b'Die Sprachausgabe wurde angepasst.' 
2019-10-25 14:14:56 b'Die Sprachausgabe wurde angepasst.' 
2019-10-25 14:14:56 b'Die Sprachausgabe wurde angepasst.' 
2019-10-25 14:20:23 b'Die Sprachausgabe wurde angepasst.' 
2019-10-25 14:20:23 b'Die Sprachausgabe wurde angepasst.' 
2019-10-29 09:34:49 b'Die Sprachausgabe wurde angepasst.' 
2019-10-29 09:34:49 b'Die Sprachausgabe wurde angepasst.' 
2019-10-29 09:35:29 b'Die Sprachausgabe wurde angepasst.' 
2019-10-29 09:35:29 b'Die Sprachausgabe wurde angepasst.' 
2019-10-29 09:36:44 b'Die Sprachausgabe wurde angepasst.' 
2019-10-29 09:36:44 b'Die Sprachausgabe wurde angepasst.' 
2019-10-29 09:37:04 b'Die Sprachausgabe wurde angepasst.' 
2019-10-29 09:37:04 b'Die Sprachausgabe wurde angepasst.' 
2019-10-29 09:40:53 b'Die Sprachausgabe wurde angepasst.' 
2019-10-29 09:40:53 b'Die Sprachausgabe wurde angepasst.' 
2019-10-29 09:44:49 b'Die Sprachausgabe wurde angepasst.' 
2019-10-29 09:44:49 b'Die Sprachausgabe wurde angepasst.' 
2019-10-29 09:47:20 b'Die Sprachausgabe wurde angepasst.' 
2019-10-29 09:47:20 b'Die Sprachausgabe wurde angepasst.' 
2019-10-29 09:58:53 b'Die Sprachausgabe wurde angepasst.' 
2019-10-29 09:58:53 b'Die Sprachausgabe wurde angepasst.' 
2019-10-29 09:59:12 b'Die Sprachausgabe wurde angepasst.' 
2019-10-29 09:59:12 b'Die Sprachausgabe wurde angepasst.' 
2019-10-29 10:01:23 b'Die Sprachausgabe wurde angepasst.' 
2019-10-29 10:01:23 b'Die Sprachausgabe wurde angepasst.' 
2019-10-29 10:02:12 b'Die Sprachausgabe wurde angepasst.' 
2019-10-29 10:02:12 b'Die Sprachausgabe wurde angepasst.' 
2019-10-29 10:03:56 b'Die Sprachausgabe wurde angepasst.' 
2019-10-29 10:03:56 b'Die Sprachausgabe wurde angepasst.' 
2019-10-29 10:04:44 b'Die Sprachausgabe wurde angepasst.' 
2019-10-29 10:04:44 b'Die Sprachausgabe wurde angepasst.' 
2019-10-29 10:07:00 b'Die Sprachausgabe wurde angepasst.' 
2019-10-29 10:07:00 b'Die Sprachausgabe wurde angepasst.' 
2019-10-29 10:09:21 b'Die Sprachausgabe wurde angepasst.' 
2019-10-29 10:09:21 b'Die Sprachausgabe wurde angepasst.' 
2019-10-29 10:12:47 b'Marlene ist da!' 
2019-10-29 10:12:47 b'Marlene ist da!' 
2019-10-29 10:13:08 b'Wer bin ich und wenn ja wie viele' 
2019-10-29 10:13:08 b'Wer bin ich und wenn ja wie viele' 
2019-10-29 10:16:43 b'Der n\xc3\xa4chste Alarm ist am Montag um 15.00 Uhr.' 
2019-10-29 10:16:43 b'Der n\xc3\xa4chste Alarm ist am Montag um 15.00 Uhr.' 
2019-10-29 10:35:12 b'Der n\xc3\xa4chste Alarm ist am Montag um 15.00 Uhr.' 
2019-10-29 10:35:12 b'Der n\xc3\xa4chste Alarm ist am Montag um 15.00 Uhr.' 
2019-10-29 10:35:31 b'Der n\xc3\xa4chste Alarm ist am Montag um 15.00 Uhr.' 
2019-10-29 10:35:31 b'Der n\xc3\xa4chste Alarm ist am Montag um 15.00 Uhr.' 
2019-10-29 10:35:39 b'Der n\xc3\xa4chste Alarm ist am Montag um 15.00 Uhr.' 
2019-10-29 10:35:39 b'Der n\xc3\xa4chste Alarm ist am Montag um 15.00 Uhr.' 
2019-10-29 10:36:04 b'Der n\xc3\xa4chste Alarm ist am Montag um 15.00 Uhr.' 
2019-10-29 10:36:04 b'Der n\xc3\xa4chste Alarm ist am Montag um 15.00 Uhr.' 
2019-10-29 10:36:22 b'Der n\xc3\xa4chste Alarm ist am Montag um 15.00 Uhr.' 
2019-10-29 10:36:22 b'Der n\xc3\xa4chste Alarm ist am Montag um 15.00 Uhr.' 
2019-10-29 11:41:39 b'Ich gebe dir gerne Informationen zur n\xc3\xa4chsten Einnahme. Tag: Dienstag, Uhrzeit: 12:00' 
2019-10-29 12:41:19 b'Die Sprachsteuerung ist aktiv.' 
2019-10-29 12:43:31 b'Die Sprachsteuerung ist aktiv.' 
2019-10-29 12:44:15 b'Die Sprachsteuerung ist aktiv.' 
2019-10-29 12:45:27 b'Die Sprachsteuerung ist aktiv.' 
2019-10-29 12:45:51 b'Ich gebe dir gerne Informationen zur n\xc3\xa4chsten Einnahme. Tag: Mittwoch, Uhrzeit: 12:00' 
2019-10-29 12:45:51 b'Ich gebe dir gerne Informationen zur n\xc3\xa4chsten Einnahme. Tag: Mittwoch, Uhrzeit: 12:00' 
2019-10-29 12:45:51 b'Tag und Uhrzeit der n\xc3\xa4chsten Entnahme: Mittwoch 12:00' 
2019-10-29 12:45:51 b'Ich gebe dir gerne Informationen zur n\xc3\xa4chsten Einnahme. Tag: Mittwoch, Uhrzeit: 12:00' 
2019-10-29 12:45:51 b'Ich gebe dir gerne Informationen zur n\xc3\xa4chsten Einnahme. Tag: Mittwoch, Uhrzeit: 12:00' 
2019-10-29 13:33:39 b'Die Sprachsteuerung ist aktiv.' 
2019-10-29 13:33:59 b'Die Sprachsteuerung ist aktiv.' 
2019-10-29 13:35:08 b'Die Sprachsteuerung ist aktiv.' 
